2025-10-16 10:47:40,542 - inventory_api - INFO - Logging initialized with level: INFO
2025-10-16 10:47:40,555 - inventory_api - INFO - Starting server on localhost:8000
2025-10-16 10:47:42,414 - inventory_api - INFO - Logging initialized with level: INFO
2025-10-16 10:47:42,549 - inventory_api - INFO - Logging initialized with level: INFO
2025-10-16 10:47:42,567 - inventory_api - INFO - Starting Inventory Management API...
2025-10-16 10:47:42,567 - database - INFO - Establishing database connection...
2025-10-16 10:47:42,973 - database - ERROR - Error connecting to MySQL database: 1049 (42000): Unknown database 'inventory_db'
2025-10-16 10:47:42,974 - inventory_api - ERROR - Failed to connect to database: Database connection failed: 1049 (42000): Unknown database 'inventory_db'
2025-10-16 10:51:53,788 - inventory_api - INFO - Logging initialized with level: INFO
2025-10-16 10:51:53,810 - inventory_api - INFO - Starting server on localhost:8000
2025-10-16 10:51:54,956 - inventory_api - INFO - Logging initialized with level: INFO
2025-10-16 10:51:55,015 - inventory_api - INFO - Logging initialized with level: INFO
2025-10-16 10:51:55,023 - inventory_api - INFO - Starting Inventory Management API...
2025-10-16 10:51:55,023 - database - INFO - Establishing database connection...
2025-10-16 10:51:55,289 - database - INFO - Successfully connected to MySQL database: inventory_db
2025-10-16 10:51:55,290 - inventory_api - INFO - Database connection established
2025-10-16 11:02:32,821 - inventory_api - INFO - Fetching products: skip=0, limit=1000, category=None, search=None
2025-10-16 11:02:32,834 - inventory_api - INFO - Retrieved 30 products
2025-10-16 11:02:35,965 - inventory_api - INFO - Fetching product categories
2025-10-16 11:02:36,004 - inventory_api - INFO - Retrieved 7 categories
2025-10-16 11:02:52,395 - inventory_api - INFO - Fetching products: skip=0, limit=1000, category=None, search=None
2025-10-16 11:02:52,404 - inventory_api - INFO - Retrieved 30 products
2025-10-16 11:05:40,587 - inventory_api - INFO - Fetching dashboard statistics
2025-10-16 11:05:40,663 - inventory_api - INFO - Dashboard statistics retrieved successfully
2025-10-16 11:09:33,802 - inventory_api - INFO - Fetching products: skip=0, limit=1000, category=None, search=None
2025-10-16 11:09:33,811 - inventory_api - INFO - Retrieved 30 products
2025-10-16 11:09:35,037 - inventory_api - INFO - Fetching products: skip=0, limit=1000, category=None, search=None
2025-10-16 11:09:35,079 - inventory_api - INFO - Retrieved 30 products
2025-10-16 11:15:23,453 - inventory_api - INFO - Fetching products: skip=0, limit=1000, category=None, search=None
2025-10-16 11:15:23,460 - inventory_api - INFO - Retrieved 30 products
2025-10-16 11:16:37,073 - inventory_api - INFO - Fetching dashboard statistics
2025-10-16 11:16:37,120 - inventory_api - INFO - Dashboard statistics retrieved successfully
2025-10-16 12:00:11,653 - inventory_api - INFO - Fetching products: skip=0, limit=1000, category=None, search=None
2025-10-16 12:00:11,703 - inventory_api - INFO - Retrieved 30 products
2025-10-16 12:00:13,000 - inventory_api - INFO - Fetching products: skip=0, limit=1000, category=None, search=None
2025-10-16 12:00:13,017 - inventory_api - INFO - Retrieved 30 products
2025-10-16 12:00:14,002 - inventory_api - INFO - Fetching product categories
2025-10-16 12:00:14,016 - inventory_api - INFO - Retrieved 7 categories
2025-10-16 12:00:48,371 - inventory_api - INFO - Creating new product: MOBILE
2025-10-16 12:00:48,445 - inventory_api - INFO - Fetching product with ID: 31
2025-10-16 12:00:48,460 - inventory_api - INFO - Retrieved product: MOBILE
2025-10-16 12:00:48,461 - inventory_api - INFO - Created product with ID: 31
2025-10-16 12:01:15,123 - inventory_api - INFO - Fetching products: skip=0, limit=1000, category=None, search=None
2025-10-16 12:01:15,138 - inventory_api - INFO - Retrieved 31 products
2025-10-16 12:01:16,238 - inventory_api - INFO - Fetching products: skip=0, limit=1000, category=None, search=None
2025-10-16 12:01:16,256 - inventory_api - INFO - Retrieved 31 products
2025-10-16 12:01:17,756 - inventory_api - INFO - Fetching products: skip=0, limit=1000, category=None, search=None
2025-10-16 12:01:17,776 - inventory_api - INFO - Retrieved 31 products
2025-10-16 12:01:17,941 - inventory_api - INFO - Fetching products: skip=0, limit=1000, category=None, search=None
2025-10-16 12:01:17,990 - inventory_api - INFO - Retrieved 31 products
2025-10-16 12:01:18,123 - inventory_api - INFO - Fetching products: skip=0, limit=1000, category=None, search=None
2025-10-16 12:01:18,172 - inventory_api - INFO - Retrieved 31 products
2025-10-16 12:01:18,340 - inventory_api - INFO - Fetching products: skip=0, limit=1000, category=None, search=None
2025-10-16 12:01:18,350 - inventory_api - INFO - Retrieved 31 products
2025-10-16 12:01:19,380 - inventory_api - INFO - Fetching product categories
2025-10-16 12:01:19,388 - inventory_api - INFO - Retrieved 7 categories
2025-10-16 12:01:25,089 - inventory_api - INFO - Deleting product with ID: 10
2025-10-16 12:01:25,090 - inventory_api - INFO - Fetching product with ID: 10
2025-10-16 12:01:25,104 - inventory_api - INFO - Retrieved product: Nike Dri-FIT T-Shirt
2025-10-16 12:01:25,130 - inventory_api - INFO - Deleted product: Nike Dri-FIT T-Shirt
2025-10-16 12:01:28,309 - inventory_api - INFO - Fetching products: skip=0, limit=1000, category=None, search=None
2025-10-16 12:01:28,321 - inventory_api - INFO - Retrieved 30 products
2025-10-16 12:01:29,593 - inventory_api - INFO - Fetching products: skip=0, limit=1000, category=None, search=None
2025-10-16 12:01:29,603 - inventory_api - INFO - Retrieved 30 products
2025-10-16 12:01:29,801 - inventory_api - INFO - Fetching products: skip=0, limit=1000, category=None, search=None
2025-10-16 12:01:29,810 - inventory_api - INFO - Retrieved 30 products
2025-10-16 12:01:56,460 - inventory_api - INFO - Fetching products: skip=0, limit=5, category=None, search=None
2025-10-16 12:01:56,467 - inventory_api - INFO - Retrieved 5 products
2025-10-16 15:51:03,145 - inventory_api - INFO - Logging initialized with level: INFO
2025-10-16 15:51:03,159 - inventory_api - INFO - Starting server on localhost:8000
2025-10-16 15:51:04,336 - inventory_api - INFO - Logging initialized with level: INFO
2025-10-16 15:51:04,509 - inventory_api - INFO - Logging initialized with level: INFO
2025-10-16 15:51:04,528 - inventory_api - INFO - Starting Inventory Management API...
2025-10-16 15:51:04,529 - database - INFO - Establishing database connection...
2025-10-16 15:51:04,937 - database - INFO - Successfully connected to MySQL database: inventory_db
2025-10-16 15:51:04,940 - inventory_api - INFO - Database connection established
2025-10-16 15:57:13,419 - inventory_api - INFO - Fetching dashboard statistics
2025-10-16 15:57:13,433 - inventory_api - INFO - Dashboard statistics retrieved successfully
2025-10-16 15:57:21,057 - inventory_api - INFO - Fetching products: skip=0, limit=1000, category=None, search=None
2025-10-16 15:57:21,060 - inventory_api - INFO - Retrieved 30 products
2025-10-16 15:57:22,448 - inventory_api - INFO - Fetching product categories
2025-10-16 15:57:22,451 - inventory_api - INFO - Retrieved 7 categories
2025-10-16 15:57:27,024 - inventory_api - INFO - Fetching dashboard statistics
2025-10-16 15:57:27,062 - inventory_api - INFO - Dashboard statistics retrieved successfully
2025-10-16 15:58:15,013 - inventory_api - INFO - Fetching products: skip=0, limit=1000, category=None, search=None
2025-10-16 15:58:15,024 - inventory_api - INFO - Retrieved 30 products
2025-10-16 15:58:34,287 - inventory_api - INFO - Deleting product with ID: 31
2025-10-16 15:58:34,287 - inventory_api - INFO - Fetching product with ID: 31
2025-10-16 15:58:34,295 - inventory_api - INFO - Retrieved product: MOBILE
2025-10-16 15:58:34,311 - inventory_api - INFO - Deleted product: MOBILE
2025-10-16 15:58:35,777 - inventory_api - INFO - Fetching dashboard statistics
2025-10-16 15:58:35,819 - inventory_api - INFO - Dashboard statistics retrieved successfully
2025-10-16 15:58:40,072 - inventory_api - INFO - Fetching products: skip=0, limit=1000, category=None, search=None
2025-10-16 15:58:40,075 - inventory_api - INFO - Retrieved 29 products
2025-10-16 15:58:42,409 - inventory_api - INFO - Fetching products: skip=0, limit=1000, category=None, search=None
2025-10-16 15:58:42,411 - inventory_api - INFO - Retrieved 29 products
2025-10-16 15:58:44,145 - inventory_api - INFO - Fetching products: skip=0, limit=1000, category=None, search=None
2025-10-16 15:58:44,147 - inventory_api - INFO - Retrieved 29 products
2025-10-16 15:58:44,350 - inventory_api - INFO - Fetching products: skip=0, limit=1000, category=None, search=None
2025-10-16 15:58:44,357 - inventory_api - INFO - Retrieved 29 products
2025-10-16 15:58:44,502 - inventory_api - INFO - Fetching products: skip=0, limit=1000, category=None, search=None
2025-10-16 15:58:44,505 - inventory_api - INFO - Retrieved 29 products
2025-10-16 15:58:46,328 - inventory_api - INFO - Fetching products: skip=0, limit=1000, category=None, search=None
2025-10-16 15:58:46,330 - inventory_api - INFO - Retrieved 29 products
2025-10-16 15:58:46,510 - inventory_api - INFO - Fetching products: skip=0, limit=1000, category=None, search=None
2025-10-16 15:58:46,513 - inventory_api - INFO - Retrieved 29 products
2025-10-16 15:58:46,686 - inventory_api - INFO - Fetching products: skip=0, limit=1000, category=None, search=None
2025-10-16 15:58:46,693 - inventory_api - INFO - Retrieved 29 products
2025-10-16 15:58:46,860 - inventory_api - INFO - Fetching products: skip=0, limit=1000, category=None, search=None
2025-10-16 15:58:46,864 - inventory_api - INFO - Retrieved 29 products
2025-10-16 15:58:47,041 - inventory_api - INFO - Fetching products: skip=0, limit=1000, category=None, search=None
2025-10-16 15:58:47,046 - inventory_api - INFO - Retrieved 29 products
2025-10-16 15:58:47,215 - inventory_api - INFO - Fetching products: skip=0, limit=1000, category=None, search=None
2025-10-16 15:58:47,217 - inventory_api - INFO - Retrieved 29 products
2025-10-16 15:58:47,434 - inventory_api - INFO - Fetching products: skip=0, limit=1000, category=None, search=None
2025-10-16 15:58:47,439 - inventory_api - INFO - Retrieved 29 products
2025-10-16 15:58:47,662 - inventory_api - INFO - Fetching products: skip=0, limit=1000, category=None, search=None
2025-10-16 15:58:47,663 - inventory_api - INFO - Retrieved 29 products
2025-10-16 15:58:57,876 - inventory_api - INFO - Fetching products: skip=0, limit=1000, category=None, search=None
2025-10-16 15:58:57,879 - inventory_api - INFO - Retrieved 29 products
2025-10-16 15:58:58,039 - inventory_api - INFO - Fetching products: skip=0, limit=1000, category=None, search=None
2025-10-16 15:58:58,043 - inventory_api - INFO - Retrieved 29 products
2025-10-16 15:58:58,269 - inventory_api - INFO - Fetching products: skip=0, limit=1000, category=None, search=None
2025-10-16 15:58:58,272 - inventory_api - INFO - Retrieved 29 products
2025-10-16 15:59:08,106 - inventory_api - INFO - Fetching products: skip=0, limit=1000, category=None, search=None
2025-10-16 15:59:08,111 - inventory_api - INFO - Retrieved 29 products
2025-10-16 15:59:10,204 - inventory_api - INFO - Fetching products: skip=0, limit=1000, category=None, search=None
2025-10-16 15:59:10,210 - inventory_api - INFO - Retrieved 29 products
2025-10-16 15:59:16,008 - inventory_api - INFO - Fetching products: skip=0, limit=1000, category=None, search=None
2025-10-16 15:59:16,014 - inventory_api - INFO - Retrieved 29 products
2025-10-16 15:59:16,219 - inventory_api - INFO - Fetching products: skip=0, limit=1000, category=None, search=None
2025-10-16 15:59:16,225 - inventory_api - INFO - Retrieved 29 products
2025-10-16 15:59:32,161 - inventory_api - INFO - Fetching product categories
2025-10-16 15:59:32,169 - inventory_api - INFO - Retrieved 7 categories
2025-10-16 16:00:32,711 - inventory_api - INFO - Creating new product: airpods
2025-10-16 16:00:32,724 - inventory_api - INFO - Fetching product with ID: 32
2025-10-16 16:00:32,725 - inventory_api - INFO - Retrieved product: airpods
2025-10-16 16:00:32,725 - inventory_api - INFO - Created product with ID: 32
2025-10-16 16:00:35,103 - inventory_api - INFO - Fetching dashboard statistics
2025-10-16 16:00:35,137 - inventory_api - INFO - Dashboard statistics retrieved successfully
2025-10-16 16:00:46,933 - inventory_api - INFO - Fetching products: skip=0, limit=1000, category=None, search=None
2025-10-16 16:00:46,935 - inventory_api - INFO - Retrieved 30 products
2025-10-16 16:00:59,859 - inventory_api - INFO - Fetching products: skip=0, limit=1000, category=None, search=None
2025-10-16 16:00:59,862 - inventory_api - INFO - Retrieved 30 products
2025-10-16 16:18:24,158 - inventory_api - INFO - Fetching products: skip=0, limit=1000, category=None, search=None
2025-10-16 16:18:24,168 - inventory_api - INFO - Retrieved 30 products
2025-10-16 16:18:25,185 - inventory_api - INFO - Fetching products: skip=0, limit=1000, category=None, search=None
2025-10-16 16:18:25,196 - inventory_api - INFO - Retrieved 30 products
2025-10-16 16:18:25,410 - inventory_api - INFO - Fetching products: skip=0, limit=1000, category=None, search=None
2025-10-16 16:18:25,417 - inventory_api - INFO - Retrieved 30 products
2025-10-16 16:18:25,857 - inventory_api - INFO - Fetching products: skip=0, limit=1000, category=None, search=None
2025-10-16 16:18:25,867 - inventory_api - INFO - Retrieved 30 products
2025-10-16 16:18:26,127 - inventory_api - INFO - Fetching products: skip=0, limit=1000, category=None, search=None
2025-10-16 16:18:26,135 - inventory_api - INFO - Retrieved 30 products
2025-10-16 16:18:33,775 - inventory_api - INFO - Fetching products: skip=0, limit=1000, category=None, search=None
2025-10-16 16:18:33,781 - inventory_api - INFO - Retrieved 30 products
2025-10-16 16:18:33,947 - inventory_api - INFO - Fetching products: skip=0, limit=1000, category=None, search=None
2025-10-16 16:18:33,953 - inventory_api - INFO - Retrieved 30 products
2025-10-16 16:18:34,122 - inventory_api - INFO - Fetching products: skip=0, limit=1000, category=None, search=None
2025-10-16 16:18:34,130 - inventory_api - INFO - Retrieved 30 products
2025-10-16 16:18:34,310 - inventory_api - INFO - Fetching products: skip=0, limit=1000, category=None, search=None
2025-10-16 16:18:34,316 - inventory_api - INFO - Retrieved 30 products
2025-10-16 16:18:34,491 - inventory_api - INFO - Fetching products: skip=0, limit=1000, category=None, search=None
2025-10-16 16:18:34,498 - inventory_api - INFO - Retrieved 30 products
2025-10-16 16:18:34,664 - inventory_api - INFO - Fetching products: skip=0, limit=1000, category=None, search=None
2025-10-16 16:18:34,669 - inventory_api - INFO - Retrieved 30 products
2025-10-16 16:18:34,841 - inventory_api - INFO - Fetching products: skip=0, limit=1000, category=None, search=None
2025-10-16 16:18:34,847 - inventory_api - INFO - Retrieved 30 products
2025-10-16 16:18:35,020 - inventory_api - INFO - Fetching products: skip=0, limit=1000, category=None, search=None
2025-10-16 16:18:35,025 - inventory_api - INFO - Retrieved 30 products
2025-10-16 16:18:35,170 - inventory_api - INFO - Fetching products: skip=0, limit=1000, category=None, search=None
2025-10-16 16:18:35,180 - inventory_api - INFO - Retrieved 30 products
2025-10-16 16:18:36,512 - inventory_api - INFO - Fetching dashboard statistics
2025-10-16 16:18:36,538 - inventory_api - INFO - Dashboard statistics retrieved successfully
2025-10-16 16:18:38,922 - inventory_api - INFO - Fetching products: skip=0, limit=1000, category=None, search=None
2025-10-16 16:18:38,929 - inventory_api - INFO - Retrieved 30 products
2025-10-16 16:18:40,934 - inventory_api - INFO - Fetching product categories
2025-10-16 16:18:40,940 - inventory_api - INFO - Retrieved 7 categories
2025-10-16 16:19:17,584 - inventory_api - INFO - Logging initialized with level: INFO
2025-10-16 16:19:17,597 - inventory_api - INFO - Starting server on localhost:8000
2025-10-16 16:19:18,931 - inventory_api - INFO - Logging initialized with level: INFO
2025-10-16 16:19:19,108 - inventory_api - INFO - Logging initialized with level: INFO
2025-10-16 16:19:19,117 - inventory_api - INFO - Starting Inventory Management API...
2025-10-16 16:19:19,117 - database - INFO - Establishing database connection...
2025-10-16 16:19:19,532 - database - INFO - Successfully connected to MySQL database: inventory_db
2025-10-16 16:19:19,535 - inventory_api - INFO - Database connection established
2025-10-16 16:19:44,246 - inventory_api - INFO - Fetching dashboard statistics
2025-10-16 16:19:44,316 - inventory_api - INFO - Dashboard statistics retrieved successfully
2025-10-16 16:19:51,643 - inventory_api - INFO - Fetching products: skip=0, limit=1000, category=None, search=None
2025-10-16 16:19:51,652 - inventory_api - INFO - Retrieved 30 products
2025-10-16 16:23:01,046 - inventory_api - INFO - Fetching dashboard statistics
2025-10-16 16:23:01,063 - inventory_api - INFO - Dashboard statistics retrieved successfully
2025-10-16 16:23:07,569 - inventory_api - INFO - Fetching products: skip=0, limit=1000, category=None, search=None
2025-10-16 16:23:07,574 - inventory_api - INFO - Retrieved 30 products
2025-10-16 16:24:32,490 - inventory_api - INFO - Fetching products: skip=0, limit=1000, category=None, search=None
2025-10-16 16:24:32,498 - inventory_api - INFO - Retrieved 30 products
2025-10-16 16:24:33,163 - inventory_api - INFO - Fetching products: skip=0, limit=1000, category=None, search=None
2025-10-16 16:24:33,172 - inventory_api - INFO - Retrieved 30 products
2025-10-16 16:24:33,385 - inventory_api - INFO - Fetching products: skip=0, limit=1000, category=None, search=None
2025-10-16 16:24:33,393 - inventory_api - INFO - Retrieved 30 products
2025-10-16 16:24:37,680 - inventory_api - INFO - Fetching products: skip=0, limit=1000, category=None, search=None
2025-10-16 16:24:37,692 - inventory_api - INFO - Retrieved 30 products
2025-10-16 16:24:38,909 - inventory_api - INFO - Fetching products: skip=0, limit=1000, category=None, search=None
2025-10-16 16:24:38,920 - inventory_api - INFO - Retrieved 30 products
2025-10-16 16:24:39,100 - inventory_api - INFO - Fetching products: skip=0, limit=1000, category=None, search=None
2025-10-16 16:24:39,110 - inventory_api - INFO - Retrieved 30 products
2025-10-16 16:24:39,292 - inventory_api - INFO - Fetching products: skip=0, limit=1000, category=None, search=None
2025-10-16 16:24:39,307 - inventory_api - INFO - Retrieved 30 products
2025-10-16 16:24:39,474 - inventory_api - INFO - Fetching products: skip=0, limit=1000, category=None, search=None
2025-10-16 16:24:39,482 - inventory_api - INFO - Retrieved 30 products
2025-10-16 16:24:39,660 - inventory_api - INFO - Fetching products: skip=0, limit=1000, category=None, search=None
2025-10-16 16:24:39,668 - inventory_api - INFO - Retrieved 30 products
2025-10-16 16:24:39,850 - inventory_api - INFO - Fetching products: skip=0, limit=1000, category=None, search=None
2025-10-16 16:24:39,856 - inventory_api - INFO - Retrieved 30 products
2025-10-16 16:24:40,031 - inventory_api - INFO - Fetching products: skip=0, limit=1000, category=None, search=None
2025-10-16 16:24:40,040 - inventory_api - INFO - Retrieved 30 products
2025-10-16 16:24:40,258 - inventory_api - INFO - Fetching products: skip=0, limit=1000, category=None, search=None
2025-10-16 16:24:40,263 - inventory_api - INFO - Retrieved 30 products
2025-10-16 16:24:40,862 - inventory_api - INFO - Fetching products: skip=0, limit=1000, category=None, search=None
2025-10-16 16:24:40,871 - inventory_api - INFO - Retrieved 30 products
2025-10-16 16:24:41,058 - inventory_api - INFO - Fetching products: skip=0, limit=1000, category=None, search=None
2025-10-16 16:24:41,066 - inventory_api - INFO - Retrieved 30 products
2025-10-16 16:24:41,287 - inventory_api - INFO - Fetching products: skip=0, limit=1000, category=None, search=None
2025-10-16 16:24:41,296 - inventory_api - INFO - Retrieved 30 products
2025-10-16 16:27:41,972 - inventory_api - INFO - Fetching dashboard statistics
2025-10-16 16:27:41,996 - inventory_api - INFO - Dashboard statistics retrieved successfully
2025-10-16 16:27:49,204 - inventory_api - INFO - Fetching product categories
2025-10-16 16:27:49,209 - inventory_api - INFO - Retrieved 7 categories
2025-10-16 16:27:53,840 - inventory_api - INFO - Fetching products: skip=0, limit=1000, category=None, search=None
2025-10-16 16:27:53,846 - inventory_api - INFO - Retrieved 30 products
2025-10-16 16:27:56,234 - inventory_api - INFO - Fetching product categories
2025-10-16 16:27:56,239 - inventory_api - INFO - Retrieved 7 categories
2025-10-16 16:28:24,853 - inventory_api - INFO - Fetching products: skip=0, limit=1000, category=None, search=None
2025-10-16 16:28:24,858 - inventory_api - INFO - Retrieved 30 products
2025-10-16 16:28:30,636 - inventory_api - INFO - Fetching products: skip=0, limit=1000, category=None, search=None
2025-10-16 16:28:30,648 - inventory_api - INFO - Retrieved 30 products
2025-10-16 16:31:19,785 - inventory_api - INFO - Fetching dashboard statistics
2025-10-16 16:31:19,822 - inventory_api - INFO - Dashboard statistics retrieved successfully
2025-10-16 16:31:26,541 - inventory_api - INFO - Fetching products: skip=0, limit=1000, category=None, search=None
2025-10-16 16:31:26,550 - inventory_api - INFO - Retrieved 30 products
2025-10-16 16:32:29,485 - inventory_api - INFO - Fetching dashboard statistics
2025-10-16 16:32:29,512 - inventory_api - INFO - Dashboard statistics retrieved successfully
2025-10-16 16:35:22,210 - inventory_api - INFO - Fetching products: skip=0, limit=1000, category=None, search=None
2025-10-16 16:35:22,220 - inventory_api - INFO - Retrieved 30 products
2025-10-16 16:35:25,997 - inventory_api - INFO - Fetching product categories
2025-10-16 16:35:26,002 - inventory_api - INFO - Retrieved 7 categories
2025-10-16 16:35:36,462 - inventory_api - INFO - Fetching dashboard statistics
2025-10-16 16:35:36,506 - inventory_api - INFO - Dashboard statistics retrieved successfully
2025-10-16 16:36:34,262 - inventory_api - INFO - Fetching dashboard statistics
2025-10-16 16:36:34,305 - inventory_api - INFO - Dashboard statistics retrieved successfully
2025-10-16 16:36:41,401 - inventory_api - INFO - Fetching products: skip=0, limit=1000, category=None, search=None
2025-10-16 16:36:41,412 - inventory_api - INFO - Retrieved 30 products
2025-10-16 16:36:42,469 - inventory_api - INFO - Fetching products: skip=0, limit=1000, category=None, search=None
2025-10-16 16:36:42,482 - inventory_api - INFO - Retrieved 30 products
2025-10-16 16:36:43,577 - inventory_api - INFO - Fetching product categories
2025-10-16 16:36:43,585 - inventory_api - INFO - Retrieved 7 categories
2025-10-16 16:36:48,522 - inventory_api - INFO - Fetching dashboard statistics
2025-10-16 16:36:48,568 - inventory_api - INFO - Dashboard statistics retrieved successfully
2025-10-16 16:46:25,450 - inventory_api - INFO - Shutting down Inventory Management API...
2025-10-16 16:46:25,451 - inventory_api - INFO - Shutting down Inventory Management API...
2025-10-16 16:46:26,128 - inventory_api - INFO - Logging initialized with level: INFO
2025-10-16 16:46:26,165 - inventory_api - INFO - Logging initialized with level: INFO
2025-10-16 16:46:26,169 - inventory_api - INFO - Starting Inventory Management API...
2025-10-16 16:46:26,169 - database - INFO - Establishing database connection...
2025-10-16 16:46:26,171 - inventory_api - INFO - Logging initialized with level: INFO
2025-10-16 16:46:26,171 - inventory_api - INFO - Starting Inventory Management API...
2025-10-16 16:46:26,171 - database - INFO - Establishing database connection...
2025-10-16 16:46:26,369 - database - INFO - Successfully connected to MySQL database: inventory_db
2025-10-16 16:46:26,369 - inventory_api - INFO - Database connection established
2025-10-16 16:46:26,369 - database - INFO - Successfully connected to MySQL database: inventory_db
2025-10-16 16:46:26,369 - inventory_api - INFO - Database connection established
2025-10-16 16:51:25,785 - inventory_api - INFO - Shutting down Inventory Management API...
2025-10-16 16:53:23,608 - inventory_api - INFO - Logging initialized with level: INFO
2025-10-16 16:53:23,614 - inventory_api - INFO - Starting server on localhost:8000
2025-10-16 16:53:24,247 - inventory_api - INFO - Logging initialized with level: INFO
2025-10-16 16:53:24,298 - inventory_api - INFO - Logging initialized with level: INFO
2025-10-16 16:53:24,304 - inventory_api - INFO - Starting Inventory Management API...
2025-10-16 16:53:24,304 - database - INFO - Establishing database connection...
2025-10-16 16:53:24,456 - database - INFO - Successfully connected to MySQL database: inventory_db
2025-10-16 16:53:24,458 - inventory_api - INFO - Database connection established
2025-10-16 16:57:28,627 - inventory_api - INFO - Fetching dashboard statistics
2025-10-16 16:57:28,641 - inventory_api - INFO - Dashboard statistics retrieved successfully
2025-10-16 16:59:04,251 - inventory_api - INFO - Fetching dashboard statistics
2025-10-16 16:59:04,265 - inventory_api - INFO - Dashboard statistics retrieved successfully
2025-10-16 16:59:11,186 - inventory_api - INFO - Fetching products: skip=0, limit=1000, category=None, search=None
2025-10-16 16:59:11,192 - inventory_api - INFO - Retrieved 30 products
2025-10-16 17:04:15,909 - inventory_api - INFO - Logging initialized with level: INFO
2025-10-16 17:04:15,916 - inventory_api - INFO - Starting server on localhost:8000
2025-10-16 17:04:16,504 - inventory_api - INFO - Logging initialized with level: INFO
2025-10-16 17:04:16,545 - inventory_api - INFO - Logging initialized with level: INFO
2025-10-16 17:04:16,549 - inventory_api - INFO - Starting Inventory Management API...
2025-10-16 17:04:16,550 - database - INFO - Establishing database connection...
2025-10-16 17:04:16,743 - database - INFO - Successfully connected to MySQL database: inventory_db
2025-10-16 17:04:16,744 - inventory_api - INFO - Database connection established
2025-10-16 17:06:35,649 - inventory_api - INFO - Generating full product list PDF
2025-10-16 17:06:35,665 - inventory_api - INFO - Generated full product list PDF with 30 products
2025-10-16 17:07:09,993 - inventory_api - INFO - Creating new product: Test Product for PDF
2025-10-16 17:07:10,002 - inventory_api - INFO - Fetching product with ID: 33
2025-10-16 17:07:10,004 - inventory_api - INFO - Retrieved product: Test Product for PDF
2025-10-16 17:07:10,004 - inventory_api - INFO - Created product with ID: 33
2025-10-16 17:07:26,499 - inventory_api - INFO - Generating full product list PDF
2025-10-16 17:07:26,511 - inventory_api - INFO - Generated full product list PDF with 31 products
2025-10-16 17:08:04,369 - inventory_api - INFO - Generating low stock report PDF
2025-10-16 17:08:04,378 - inventory_api - ERROR - Error generating low stock report PDF: 
paragraph text '<para><bullet>\u2022</bullet> <b>Critical items (< 5 units):</b> Immediate reorder required<br/> <bullet>\u2022</bullet> <b>Low stock items (< 10 units):</b> Schedule reorder within 1-2 weeks<br/> <bullet>\u2022</bullet> <b>Suggested reorder quantities:</b> Shown in "Reorder" column<br/> <bullet>\u2022</bullet> <b>Review pricing:</b> Consider bulk purchase discounts for frequently low-stock items</para>' caused exception paraparser: syntax error: only one <bullet> tag allowed
2025-10-16 17:08:59,963 - inventory_api - INFO - Shutting down Inventory Management API...
2025-10-16 17:09:00,766 - inventory_api - INFO - Logging initialized with level: INFO
2025-10-16 17:09:00,805 - inventory_api - INFO - Logging initialized with level: INFO
2025-10-16 17:09:00,805 - inventory_api - INFO - Starting Inventory Management API...
2025-10-16 17:09:00,805 - database - INFO - Establishing database connection...
2025-10-16 17:09:01,040 - database - INFO - Successfully connected to MySQL database: inventory_db
2025-10-16 17:09:01,040 - inventory_api - INFO - Database connection established
2025-10-16 17:11:18,599 - inventory_api - INFO - Logging initialized with level: INFO
2025-10-16 17:11:18,606 - inventory_api - INFO - Starting server on localhost:8000
2025-10-16 17:11:19,252 - inventory_api - INFO - Logging initialized with level: INFO
2025-10-16 17:11:19,288 - inventory_api - INFO - Logging initialized with level: INFO
2025-10-16 17:11:19,296 - inventory_api - INFO - Starting Inventory Management API...
2025-10-16 17:11:19,296 - database - INFO - Establishing database connection...
2025-10-16 17:11:19,632 - database - INFO - Successfully connected to MySQL database: inventory_db
2025-10-16 17:11:19,633 - inventory_api - INFO - Database connection established
